> Task :compileJava UP-TO-DATE
> Task :processResources UP-TO-DATE
> Task :classes UP-TO-DATE
> Task :resolveMainClassName UP-TO-DATE

> Task :bootRun

  .   ____          _            __ _ _
 /\\ / ___'_ __ _ _(_)_ __  __ _ \ \ \ \
( ( )\___ | '_ | '_| | '_ \/ _` | \ \ \ \
 \\/  ___)| |_)| | | | | || (_| |  ) ) ) )
  '  |____| .__|_| |_|_| |_\__, | / / / /
 =========|_|==============|___/=/_/_/_/

[32m :: Spring Boot :: [39m              [2m (v3.4.3)[0;39m

[2m2025-03-13T21:06:11.570-05:00[0;39m [32m INFO[0;39m [35m62688[0;39m [2m--- [movierecommendation] [           main] [0;39m[36mc.e.m.MovierecommendationApplication    [0;39m [2m:[0;39m Starting MovierecommendationApplication using Java 21.0.4 with PID 62688 (/Users/jathanneider/Desktop/movierecommendation/build/classes/java/main started by jathanneider in /Users/jathanneider/Desktop/movierecommendation)
[2m2025-03-13T21:06:11.572-05:00[0;39m [32m INFO[0;39m [35m62688[0;39m [2m--- [movierecommendation] [           main] [0;39m[36mc.e.m.MovierecommendationApplication    [0;39m [2m:[0;39m No active profile set, falling back to 1 default profile: "default"
[2m2025-03-13T21:06:11.787-05:00[0;39m [32m INFO[0;39m [35m62688[0;39m [2m--- [movierecommendation] [           main] [0;39m[36m.s.d.r.c.RepositoryConfigurationDelegate[0;39m [2m:[0;39m Bootstrapping Spring Data JPA repositories in DEFAULT mode.
[2m2025-03-13T21:06:11.805-05:00[0;39m [32m INFO[0;39m [35m62688[0;39m [2m--- [movierecommendation] [           main] [0;39m[36m.s.d.r.c.RepositoryConfigurationDelegate[0;39m [2m:[0;39m Finished Spring Data repository scanning in 15 ms. Found 1 JPA repository interface.
[2m2025-03-13T21:06:11.977-05:00[0;39m [32m INFO[0;39m [35m62688[0;39m [2m--- [movierecommendation] [           main] [0;39m[36mo.s.b.w.embedded.tomcat.TomcatWebServer [0;39m [2m:[0;39m Tomcat initialized with port 8080 (http)
[2m2025-03-13T21:06:11.984-05:00[0;39m [32m INFO[0;39m [35m62688[0;39m [2m--- [movierecommendation] [           main] [0;39m[36mo.apache.catalina.core.StandardService  [0;39m [2m:[0;39m Starting service [Tomcat]
[2m2025-03-13T21:06:11.984-05:00[0;39m [32m INFO[0;39m [35m62688[0;39m [2m--- [movierecommendation] [           main] [0;39m[36mo.apache.catalina.core.StandardEngine   [0;39m [2m:[0;39m Starting Servlet engine: [Apache Tomcat/10.1.36]
[2m2025-03-13T21:06:12.002-05:00[0;39m [32m INFO[0;39m [35m62688[0;39m [2m--- [movierecommendation] [           main] [0;39m[36mo.a.c.c.C.[Tomcat].[localhost].[/]      [0;39m [2m:[0;39m Initializing Spring embedded WebApplicationContext
[2m2025-03-13T21:06:12.005-05:00[0;39m [32m INFO[0;39m [35m62688[0;39m [2m--- [movierecommendation] [           main] [0;39m[36mw.s.c.ServletWebServerApplicationContext[0;39m [2m:[0;39m Root WebApplicationContext: initialization completed in 413 ms
[2m2025-03-13T21:06:12.041-05:00[0;39m [32m INFO[0;39m [35m62688[0;39m [2m--- [movierecommendation] [           main] [0;39m[36mcom.zaxxer.hikari.HikariDataSource      [0;39m [2m:[0;39m HikariPool-1 - Starting...
[2m2025-03-13T21:06:12.081-05:00[0;39m [32m INFO[0;39m [35m62688[0;39m [2m--- [movierecommendation] [           main] [0;39m[36mcom.zaxxer.hikari.pool.HikariPool       [0;39m [2m:[0;39m HikariPool-1 - Added connection org.postgresql.jdbc.PgConnection@3b009e7b
[2m2025-03-13T21:06:12.082-05:00[0;39m [32m INFO[0;39m [35m62688[0;39m [2m--- [movierecommendation] [           main] [0;39m[36mcom.zaxxer.hikari.HikariDataSource      [0;39m [2m:[0;39m HikariPool-1 - Start completed.
[2m2025-03-13T21:06:12.113-05:00[0;39m [32m INFO[0;39m [35m62688[0;39m [2m--- [movierecommendation] [           main] [0;39m[36mo.hibernate.jpa.internal.util.LogHelper [0;39m [2m:[0;39m HHH000204: Processing PersistenceUnitInfo [name: default]
[2m2025-03-13T21:06:12.128-05:00[0;39m [32m INFO[0;39m [35m62688[0;39m [2m--- [movierecommendation] [           main] [0;39m[36morg.hibernate.Version                   [0;39m [2m:[0;39m HHH000412: Hibernate ORM core version 6.6.8.Final
[2m2025-03-13T21:06:12.138-05:00[0;39m [32m INFO[0;39m [35m62688[0;39m [2m--- [movierecommendation] [           main] [0;39m[36mo.h.c.internal.RegionFactoryInitiator   [0;39m [2m:[0;39m HHH000026: Second-level cache disabled
[2m2025-03-13T21:06:12.229-05:00[0;39m [32m INFO[0;39m [35m62688[0;39m [2m--- [movierecommendation] [           main] [0;39m[36mo.s.o.j.p.SpringPersistenceUnitInfo     [0;39m [2m:[0;39m No LoadTimeWeaver setup: ignoring JPA class transformer
[2m2025-03-13T21:06:12.253-05:00[0;39m [33m WARN[0;39m [35m62688[0;39m [2m--- [movierecommendation] [           main] [0;39m[36morg.hibernate.orm.deprecation           [0;39m [2m:[0;39m HHH90000025: PostgreSQLDialect does not need to be specified explicitly using 'hibernate.dialect' (remove the property setting and it will be selected by default)
[2m2025-03-13T21:06:12.258-05:00[0;39m [32m INFO[0;39m [35m62688[0;39m [2m--- [movierecommendation] [           main] [0;39m[36morg.hibernate.orm.connections.pooling   [0;39m [2m:[0;39m HHH10001005: Database info:
	Database JDBC URL [Connecting through datasource 'HikariDataSource (HikariPool-1)']
	Database driver: undefined/unknown
	Database version: 14.15
	Autocommit mode: undefined/unknown
	Isolation level: undefined/unknown
	Minimum pool size: undefined/unknown
	Maximum pool size: undefined/unknown
[2m2025-03-13T21:06:12.541-05:00[0;39m [32m INFO[0;39m [35m62688[0;39m [2m--- [movierecommendation] [           main] [0;39m[36mo.h.e.t.j.p.i.JtaPlatformInitiator      [0;39m [2m:[0;39m HHH000489: No JTA platform available (set 'hibernate.transaction.jta.platform' to enable JTA platform integration)
[2m2025-03-13T21:06:12.567-05:00[0;39m [32m INFO[0;39m [35m62688[0;39m [2m--- [movierecommendation] [           main] [0;39m[36mj.LocalContainerEntityManagerFactoryBean[0;39m [2m:[0;39m Initialized JPA EntityManagerFactory for persistence unit 'default'
Database 'movies' already exists.
[2m2025-03-13T21:06:12.692-05:00[0;39m [33m WARN[0;39m [35m62688[0;39m [2m--- [movierecommendation] [           main] [0;39m[36mJpaBaseConfiguration$JpaWebConfiguration[0;39m [2m:[0;39m spring.jpa.open-in-view is enabled by default. Therefore, database queries may be performed during view rendering. Explicitly configure spring.jpa.open-in-view to disable this warning
[2m2025-03-13T21:06:12.820-05:00[0;39m [32m INFO[0;39m [35m62688[0;39m [2m--- [movierecommendation] [           main] [0;39m[36mo.s.b.w.embedded.tomcat.TomcatWebServer [0;39m [2m:[0;39m Tomcat started on port 8080 (http) with context path '/'
[2m2025-03-13T21:06:12.824-05:00[0;39m [32m INFO[0;39m [35m62688[0;39m [2m--- [movierecommendation] [           main] [0;39m[36mc.e.m.MovierecommendationApplication    [0;39m [2m:[0;39m Started MovierecommendationApplication in 1.394 seconds (process running for 1.546)
[2m2025-03-13T21:06:20.682-05:00[0;39m [32m INFO[0;39m [35m62688[0;39m [2m--- [movierecommendation] [nio-8080-exec-1] [0;39m[36mo.a.c.c.C.[Tomcat].[localhost].[/]      [0;39m [2m:[0;39m Initializing Spring DispatcherServlet 'dispatcherServlet'
[2m2025-03-13T21:06:20.682-05:00[0;39m [32m INFO[0;39m [35m62688[0;39m [2m--- [movierecommendation] [nio-8080-exec-1] [0;39m[36mo.s.web.servlet.DispatcherServlet       [0;39m [2m:[0;39m Initializing Servlet 'dispatcherServlet'
[2m2025-03-13T21:06:20.683-05:00[0;39m [32m INFO[0;39m [35m62688[0;39m [2m--- [movierecommendation] [nio-8080-exec-1] [0;39m[36mo.s.web.servlet.DispatcherServlet       [0;39m [2m:[0;39m Completed initialization in 1 ms

> Task :bootRun FAILED

FAILURE: Build failed with an exception.

* What went wrong:
Execution failed for task ':bootRun'.
> Process 'command '/Library/Java/JavaVirtualMachines/temurin-21.jdk/Contents/Home/bin/java'' finished with non-zero exit value 137

* Try:
> Run with --stacktrace option to get the stack trace.
> Run with --info or --debug option to get more log output.
> Run with --scan to get full insights.
> Get more help at https://help.gradle.org.

BUILD FAILED in 18s
4 actionable tasks: 1 executed, 3 up-to-date
